<?xml version="1.0" encoding="UTF-8"?>
<!-- Generated by org.testng.reporters.JUnitReportReporter -->
<testsuite hostname="LAPTOP-MVG9S9M8" failures="0" tests="2" name="com.example.TestNGgroups" time="24.572" errors="0" timestamp="2023-11-11T18:02:09 WIB" skipped="0">
  <testcase classname="com.example.TestNGgroups" name="testMethod2" time="12.460"/>
  <system-out/>
  <testcase classname="com.example.TestNGgroups" name="testMethod1" time="12.112"/>
  <system-out/>
</testsuite> <!-- com.example.TestNGgroups -->
