<?xml version="1.0" encoding="UTF-8"?>
<!-- Generated by org.testng.reporters.JUnitReportReporter -->
<testsuite hostname="LAPTOP-MVG9S9M8" failures="0" tests="1" name="com.example.TestExcel" time="17.731" errors="0" timestamp="2023-11-11T21:51:54 WIB" skipped="0">
  <testcase classname="com.example.TestExcel" name="testmethod4" time="17.731"/>
  <system-out/>
</testsuite> <!-- com.example.TestExcel -->
